<?xml version="1.0" encoding="UTF-8"?>
<testng-results ignored="0" total="3" passed="3" failed="0" skipped="0">
  <reporter-output>
  </reporter-output>
  <suite started-at="2021-08-30T14:42:39 MDT" name="Suite" finished-at="2021-08-30T14:42:47 MDT" duration-ms="7975">
    <groups>
    </groups>
    <test started-at="2021-08-30T14:42:39 MDT" name="Test" finished-at="2021-08-30T14:42:47 MDT" duration-ms="7975">
      <class name="com.webappsecurity.zero.TestScripts.VerifyFundTransferTest">
        <test-method is-config="true" signature="openApplication()[pri:0, instance:com.webappsecurity.zero.TestScripts.VerifyFundTransferTest@4ef37659]" started-at="2021-08-30T14:42:41 MDT" name="openApplication" finished-at="2021-08-30T14:42:43 MDT" duration-ms="1441" status="PASS">
          <reporter-output>
          </reporter-output>
        </test-method> <!-- openApplication -->
        <test-method signature="verifyFundTransfer()[pri:0, instance:com.webappsecurity.zero.TestScripts.VerifyFundTransferTest@4ef37659]" started-at="2021-08-30T14:42:43 MDT" name="verifyFundTransfer" finished-at="2021-08-30T14:42:44 MDT" duration-ms="1606" status="PASS">
          <reporter-output>
          </reporter-output>
        </test-method> <!-- verifyFundTransfer -->
        <test-method is-config="true" signature="closeApplication()[pri:0, instance:com.webappsecurity.zero.TestScripts.VerifyFundTransferTest@4ef37659]" started-at="2021-08-30T14:42:44 MDT" name="closeApplication" finished-at="2021-08-30T14:42:44 MDT" duration-ms="49" status="PASS">
          <reporter-output>
          </reporter-output>
        </test-method> <!-- closeApplication -->
      </class> <!-- com.webappsecurity.zero.TestScripts.VerifyFundTransferTest -->
      <class name="com.webappsecurity.zero.TestScripts.VerifyInvalidLoginTest">
        <test-method is-config="true" signature="openApplication()[pri:0, instance:com.webappsecurity.zero.TestScripts.VerifyInvalidLoginTest@44a7bfbc]" started-at="2021-08-30T14:42:39 MDT" name="openApplication" finished-at="2021-08-30T14:42:41 MDT" duration-ms="2117" status="PASS">
          <reporter-output>
          </reporter-output>
        </test-method> <!-- openApplication -->
        <test-method signature="VerifyInValidLogin()[pri:0, instance:com.webappsecurity.zero.TestScripts.VerifyInvalidLoginTest@44a7bfbc]" started-at="2021-08-30T14:42:41 MDT" name="VerifyInValidLogin" finished-at="2021-08-30T14:42:41 MDT" duration-ms="384" status="PASS">
          <reporter-output>
          </reporter-output>
        </test-method> <!-- VerifyInValidLogin -->
        <test-method is-config="true" signature="closeApplication()[pri:0, instance:com.webappsecurity.zero.TestScripts.VerifyInvalidLoginTest@44a7bfbc]" started-at="2021-08-30T14:42:41 MDT" name="closeApplication" finished-at="2021-08-30T14:42:41 MDT" duration-ms="53" status="PASS">
          <reporter-output>
          </reporter-output>
        </test-method> <!-- closeApplication -->
      </class> <!-- com.webappsecurity.zero.TestScripts.VerifyInvalidLoginTest -->
      <class name="com.webappsecurity.zero.TestScripts.VerifyValidLoginTest">
        <test-method is-config="true" signature="openApplication()[pri:0, instance:com.webappsecurity.zero.TestScripts.VerifyValidLoginTest@776b83cc]" started-at="2021-08-30T14:42:44 MDT" name="openApplication" finished-at="2021-08-30T14:42:46 MDT" duration-ms="1413" status="PASS">
          <reporter-output>
          </reporter-output>
        </test-method> <!-- openApplication -->
        <test-method signature="VerifyValidLogin()[pri:0, instance:com.webappsecurity.zero.TestScripts.VerifyValidLoginTest@776b83cc]" started-at="2021-08-30T14:42:46 MDT" name="VerifyValidLogin" finished-at="2021-08-30T14:42:47 MDT" duration-ms="827" status="PASS">
          <reporter-output>
          </reporter-output>
        </test-method> <!-- VerifyValidLogin -->
        <test-method is-config="true" signature="closeApplication()[pri:0, instance:com.webappsecurity.zero.TestScripts.VerifyValidLoginTest@776b83cc]" started-at="2021-08-30T14:42:47 MDT" name="closeApplication" finished-at="2021-08-30T14:42:47 MDT" duration-ms="61" status="PASS">
          <reporter-output>
          </reporter-output>
        </test-method> <!-- closeApplication -->
      </class> <!-- com.webappsecurity.zero.TestScripts.VerifyValidLoginTest -->
    </test> <!-- Test -->
  </suite> <!-- Suite -->
</testng-results>
