<?xml version="1.0" encoding="UTF-8"?>
<!-- Generated by org.testng.reporters.JUnitXMLReporter -->
<testsuite ignored="0" hostname="LAPTOP-ATFV193T" failures="0" tests="3" name="Test" time="7.975" errors="0" timestamp="2021-08-30T14:42:47 MDT">
  <testcase classname="com.webappsecurity.zero.TestScripts.VerifyInvalidLoginTest" name="VerifyInValidLogin" time="0.384"/>
  <testcase classname="com.webappsecurity.zero.TestScripts.VerifyFundTransferTest" name="verifyFundTransfer" time="1.606"/>
  <testcase classname="com.webappsecurity.zero.TestScripts.VerifyValidLoginTest" name="VerifyValidLogin" time="0.827"/>
</testsuite> <!-- Test -->
